{"C:\\Karthik\\Waterloo\\ECE 651\\OFODS\\develop\\ofods-app\\src\\App.js": {"path":"C:\\Karthik\\Waterloo\\ECE 651\\OFODS\\develop\\ofods-app\\src\\App.js","statementMap":{"0":{"start":{"line":13,"column":2},"end":{"line":26,"column":4}}},"fnMap":{"0":{"name":"App","decl":{"start":{"line":12,"column":9},"end":{"line":12,"column":12}},"loc":{"start":{"line":12,"column":15},"end":{"line":27,"column":1}},"line":12}},"branchMap":{},"s":{"0":3},"f":{"0":3},"b":{},"_coverageSchema":"1a1c01bbd47fc00a2c39e90264f33305004495a9","hash":"92a2a2b30a51fdc77bae2db4102a3815ce9193ab"}
,"C:\\Karthik\\Waterloo\\ECE 651\\OFODS\\develop\\ofods-app\\src\\index.js": {"path":"C:\\Karthik\\Waterloo\\ECE 651\\OFODS\\develop\\ofods-app\\src\\index.js","statementMap":{"0":{"start":{"line":12,"column":14},"end":{"line":12,"column":52}},"1":{"start":{"line":14,"column":13},"end":{"line":14,"column":65}},"2":{"start":{"line":15,"column":0},"end":{"line":23,"column":2}}},"fnMap":{},"branchMap":{},"s":{"0":0,"1":0,"2":0},"f":{},"b":{}}
,"C:\\Karthik\\Waterloo\\ECE 651\\OFODS\\develop\\ofods-app\\src\\reportWebVitals.js": {"path":"C:\\Karthik\\Waterloo\\ECE 651\\OFODS\\develop\\ofods-app\\src\\reportWebVitals.js","statementMap":{"0":{"start":{"line":1,"column":24},"end":{"line":11,"column":1}},"1":{"start":{"line":2,"column":2},"end":{"line":10,"column":3}},"2":{"start":{"line":3,"column":4},"end":{"line":9,"column":7}},"3":{"start":{"line":4,"column":6},"end":{"line":4,"column":26}},"4":{"start":{"line":5,"column":6},"end":{"line":5,"column":26}},"5":{"start":{"line":6,"column":6},"end":{"line":6,"column":26}},"6":{"start":{"line":7,"column":6},"end":{"line":7,"column":26}},"7":{"start":{"line":8,"column":6},"end":{"line":8,"column":27}}},"fnMap":{"0":{"name":"(anonymous_0)","decl":{"start":{"line":1,"column":24},"end":{"line":1,"column":25}},"loc":{"start":{"line":1,"column":39},"end":{"line":11,"column":1}},"line":1},"1":{"name":"(anonymous_1)","decl":{"start":{"line":3,"column":30},"end":{"line":3,"column":31}},"loc":{"start":{"line":3,"column":79},"end":{"line":9,"column":5}},"line":3}},"branchMap":{"0":{"loc":{"start":{"line":2,"column":2},"end":{"line":10,"column":3}},"type":"if","locations":[{"start":{"line":2,"column":2},"end":{"line":10,"column":3}},{"start":{},"end":{}}],"line":2},"1":{"loc":{"start":{"line":2,"column":6},"end":{"line":2,"column":52}},"type":"binary-expr","locations":[{"start":{"line":2,"column":6},"end":{"line":2,"column":17}},{"start":{"line":2,"column":21},"end":{"line":2,"column":52}}],"line":2}},"s":{"0":0,"1":0,"2":0,"3":0,"4":0,"5":0,"6":0,"7":0},"f":{"0":0,"1":0},"b":{"0":[0,0],"1":[0,0]}}
,"C:\\Karthik\\Waterloo\\ECE 651\\OFODS\\develop\\ofods-app\\src\\actions\\index.js": {"path":"C:\\Karthik\\Waterloo\\ECE 651\\OFODS\\develop\\ofods-app\\src\\actions\\index.js","statementMap":{"0":{"start":{"line":1,"column":22},"end":{"line":5,"column":1}},"1":{"start":{"line":2,"column":4},"end":{"line":4,"column":6}}},"fnMap":{"0":{"name":"(anonymous_0)","decl":{"start":{"line":1,"column":22},"end":{"line":1,"column":23}},"loc":{"start":{"line":1,"column":27},"end":{"line":5,"column":1}},"line":1}},"branchMap":{},"s":{"0":1,"1":0},"f":{"0":0},"b":{},"_coverageSchema":"1a1c01bbd47fc00a2c39e90264f33305004495a9","hash":"8bcabf81503788dd293cb6e052902c4dc34de531"}
,"C:\\Karthik\\Waterloo\\ECE 651\\OFODS\\develop\\ofods-app\\src\\components\\Banner.js": {"path":"C:\\Karthik\\Waterloo\\ECE 651\\OFODS\\develop\\ofods-app\\src\\components\\Banner.js","statementMap":{"0":{"start":{"line":4,"column":2},"end":{"line":8,"column":4}}},"fnMap":{"0":{"name":"Banner","decl":{"start":{"line":3,"column":9},"end":{"line":3,"column":15}},"loc":{"start":{"line":3,"column":18},"end":{"line":9,"column":1}},"line":3}},"branchMap":{},"s":{"0":0},"f":{"0":0},"b":{}}
,"C:\\Karthik\\Waterloo\\ECE 651\\OFODS\\develop\\ofods-app\\src\\components\\FeaturedRest.js": {"path":"C:\\Karthik\\Waterloo\\ECE 651\\OFODS\\develop\\ofods-app\\src\\components\\FeaturedRest.js","statementMap":{"0":{"start":{"line":5,"column":4},"end":{"line":5,"column":87}},"1":{"start":{"line":6,"column":2},"end":{"line":51,"column":4}}},"fnMap":{"0":{"name":"FeaturedRest","decl":{"start":{"line":3,"column":9},"end":{"line":3,"column":21}},"loc":{"start":{"line":3,"column":36},"end":{"line":52,"column":1}},"line":3}},"branchMap":{},"s":{"0":5,"1":5},"f":{"0":5},"b":{},"_coverageSchema":"1a1c01bbd47fc00a2c39e90264f33305004495a9","hash":"a2925651fb22fc64a5a02f8b4583ea14818b62b0"}
,"C:\\Karthik\\Waterloo\\ECE 651\\OFODS\\develop\\ofods-app\\src\\components\\FeaturedRestCards.js": {"path":"C:\\Karthik\\Waterloo\\ECE 651\\OFODS\\develop\\ofods-app\\src\\components\\FeaturedRestCards.js","statementMap":{"0":{"start":{"line":4,"column":26},"end":{"line":4,"column":41}},"1":{"start":{"line":6,"column":2},"end":{"line":103,"column":4}},"2":{"start":{"line":84,"column":35},"end":{"line":84,"column":59}},"3":{"start":{"line":84,"column":53},"end":{"line":84,"column":58}}},"fnMap":{"0":{"name":"FeaturedRestCards","decl":{"start":{"line":3,"column":9},"end":{"line":3,"column":26}},"loc":{"start":{"line":3,"column":34},"end":{"line":104,"column":1}},"line":3},"1":{"name":"(anonymous_1)","decl":{"start":{"line":84,"column":29},"end":{"line":84,"column":30}},"loc":{"start":{"line":84,"column":35},"end":{"line":84,"column":59}},"line":84},"2":{"name":"(anonymous_2)","decl":{"start":{"line":84,"column":43},"end":{"line":84,"column":44}},"loc":{"start":{"line":84,"column":53},"end":{"line":84,"column":58}},"line":84}},"branchMap":{"0":{"loc":{"start":{"line":92,"column":17},"end":{"line":96,"column":17}},"type":"cond-expr","locations":[{"start":{"line":93,"column":18},"end":{"line":93,"column":437}},{"start":{"line":95,"column":18},"end":{"line":95,"column":158}}],"line":92}},"s":{"0":30,"1":30,"2":0,"3":0},"f":{"0":30,"1":0,"2":0},"b":{"0":[0,30]},"_coverageSchema":"1a1c01bbd47fc00a2c39e90264f33305004495a9","hash":"bc46ac874329ed69700a750053e08d5d77550255"}
,"C:\\Karthik\\Waterloo\\ECE 651\\OFODS\\develop\\ofods-app\\src\\components\\FeaturedRestCardsForRestPage.js": {"path":"C:\\Karthik\\Waterloo\\ECE 651\\OFODS\\develop\\ofods-app\\src\\components\\FeaturedRestCardsForRestPage.js","statementMap":{"0":{"start":{"line":4,"column":26},"end":{"line":4,"column":41}},"1":{"start":{"line":6,"column":2},"end":{"line":106,"column":4}},"2":{"start":{"line":84,"column":35},"end":{"line":84,"column":59}},"3":{"start":{"line":84,"column":53},"end":{"line":84,"column":58}}},"fnMap":{"0":{"name":"FeaturedRestCardsForRestPage","decl":{"start":{"line":3,"column":9},"end":{"line":3,"column":37}},"loc":{"start":{"line":3,"column":45},"end":{"line":107,"column":1}},"line":3},"1":{"name":"(anonymous_1)","decl":{"start":{"line":84,"column":29},"end":{"line":84,"column":30}},"loc":{"start":{"line":84,"column":35},"end":{"line":84,"column":59}},"line":84},"2":{"name":"(anonymous_2)","decl":{"start":{"line":84,"column":43},"end":{"line":84,"column":44}},"loc":{"start":{"line":84,"column":53},"end":{"line":84,"column":58}},"line":84}},"branchMap":{"0":{"loc":{"start":{"line":92,"column":17},"end":{"line":96,"column":17}},"type":"cond-expr","locations":[{"start":{"line":93,"column":18},"end":{"line":93,"column":437}},{"start":{"line":95,"column":18},"end":{"line":95,"column":158}}],"line":92}},"s":{"0":12,"1":12,"2":0,"3":0},"f":{"0":12,"1":0,"2":0},"b":{"0":[0,12]},"_coverageSchema":"1a1c01bbd47fc00a2c39e90264f33305004495a9","hash":"a7a13bc56c9874ab0a5fe0fb056abe41d47574cd"}
,"C:\\Karthik\\Waterloo\\ECE 651\\OFODS\\develop\\ofods-app\\src\\components\\Footer.js": {"path":"C:\\Karthik\\Waterloo\\ECE 651\\OFODS\\develop\\ofods-app\\src\\components\\Footer.js","statementMap":{"0":{"start":{"line":4,"column":15},"end":{"line":330,"column":1}},"1":{"start":{"line":5,"column":2},"end":{"line":329,"column":4}}},"fnMap":{"0":{"name":"(anonymous_0)","decl":{"start":{"line":4,"column":15},"end":{"line":4,"column":16}},"loc":{"start":{"line":4,"column":21},"end":{"line":330,"column":1}},"line":4}},"branchMap":{},"s":{"0":1,"1":3},"f":{"0":3},"b":{},"_coverageSchema":"1a1c01bbd47fc00a2c39e90264f33305004495a9","hash":"b530fafe7973cd2434bf20a4912df9b15dcecad2"}
,"C:\\Karthik\\Waterloo\\ECE 651\\OFODS\\develop\\ofods-app\\src\\components\\FormModal.js": {"path":"C:\\Karthik\\Waterloo\\ECE 651\\OFODS\\develop\\ofods-app\\src\\components\\FormModal.js","statementMap":{"0":{"start":{"line":4,"column":36},"end":{"line":4,"column":51}},"1":{"start":{"line":5,"column":2},"end":{"line":71,"column":4}},"2":{"start":{"line":11,"column":25},"end":{"line":11,"column":43}},"3":{"start":{"line":21,"column":29},"end":{"line":21,"column":48}},"4":{"start":{"line":52,"column":39},"end":{"line":52,"column":58}},"5":{"start":{"line":58,"column":39},"end":{"line":58,"column":58}}},"fnMap":{"0":{"name":"Modal","decl":{"start":{"line":3,"column":24},"end":{"line":3,"column":29}},"loc":{"start":{"line":3,"column":32},"end":{"line":72,"column":1}},"line":3},"1":{"name":"(anonymous_1)","decl":{"start":{"line":11,"column":19},"end":{"line":11,"column":20}},"loc":{"start":{"line":11,"column":25},"end":{"line":11,"column":43}},"line":11},"2":{"name":"(anonymous_2)","decl":{"start":{"line":21,"column":23},"end":{"line":21,"column":24}},"loc":{"start":{"line":21,"column":29},"end":{"line":21,"column":48}},"line":21},"3":{"name":"(anonymous_3)","decl":{"start":{"line":52,"column":33},"end":{"line":52,"column":34}},"loc":{"start":{"line":52,"column":39},"end":{"line":52,"column":58}},"line":52},"4":{"name":"(anonymous_4)","decl":{"start":{"line":58,"column":33},"end":{"line":58,"column":34}},"loc":{"start":{"line":58,"column":39},"end":{"line":58,"column":58}},"line":58}},"branchMap":{"0":{"loc":{"start":{"line":16,"column":7},"end":{"line":69,"column":14}},"type":"cond-expr","locations":[{"start":{"line":17,"column":8},"end":{"line":68,"column":11}},{"start":{"line":69,"column":10},"end":{"line":69,"column":14}}],"line":16}},"s":{"0":0,"1":0,"2":0,"3":0,"4":0,"5":0},"f":{"0":0,"1":0,"2":0,"3":0,"4":0},"b":{"0":[0,0]}}
,"C:\\Karthik\\Waterloo\\ECE 651\\OFODS\\develop\\ofods-app\\src\\components\\NavBar.js": {"path":"C:\\Karthik\\Waterloo\\ECE 651\\OFODS\\develop\\ofods-app\\src\\components\\NavBar.js","statementMap":{"0":{"start":{"line":6,"column":19},"end":{"line":6,"column":53}},"1":{"start":{"line":6,"column":40},"end":{"line":6,"column":52}},"2":{"start":{"line":7,"column":21},"end":{"line":7,"column":34}},"3":{"start":{"line":9,"column":4},"end":{"line":64,"column":6}},"4":{"start":{"line":21,"column":49},"end":{"line":21,"column":67}},"5":{"start":{"line":68,"column":4},"end":{"line":83,"column":6}},"6":{"start":{"line":87,"column":4},"end":{"line":105,"column":6}}},"fnMap":{"0":{"name":"NavBar","decl":{"start":{"line":5,"column":9},"end":{"line":5,"column":15}},"loc":{"start":{"line":5,"column":18},"end":{"line":65,"column":1}},"line":5},"1":{"name":"(anonymous_1)","decl":{"start":{"line":6,"column":31},"end":{"line":6,"column":32}},"loc":{"start":{"line":6,"column":40},"end":{"line":6,"column":52}},"line":6},"2":{"name":"(anonymous_2)","decl":{"start":{"line":21,"column":43},"end":{"line":21,"column":44}},"loc":{"start":{"line":21,"column":49},"end":{"line":21,"column":67}},"line":21},"3":{"name":"renderHomeLinks","decl":{"start":{"line":67,"column":9},"end":{"line":67,"column":24}},"loc":{"start":{"line":67,"column":27},"end":{"line":84,"column":1}},"line":67},"4":{"name":"renderUserAccountLinks","decl":{"start":{"line":86,"column":9},"end":{"line":86,"column":31}},"loc":{"start":{"line":86,"column":34},"end":{"line":106,"column":1}},"line":86}},"branchMap":{"0":{"loc":{"start":{"line":23,"column":33},"end":{"line":51,"column":33}},"type":"cond-expr","locations":[{"start":{"line":24,"column":36},"end":{"line":35,"column":42}},{"start":{"line":37,"column":36},"end":{"line":50,"column":42}}],"line":23},"1":{"loc":{"start":{"line":58,"column":24},"end":{"line":58,"column":51}},"type":"cond-expr","locations":[{"start":{"line":58,"column":33},"end":{"line":58,"column":40}},{"start":{"line":58,"column":43},"end":{"line":58,"column":51}}],"line":58}},"s":{"0":7,"1":7,"2":7,"3":7,"4":0,"5":7,"6":0},"f":{"0":7,"1":7,"2":0,"3":7,"4":0},"b":{"0":[0,7],"1":[0,7]},"_coverageSchema":"1a1c01bbd47fc00a2c39e90264f33305004495a9","hash":"6c7b2f38b90391b82d85730b09eb38acf982f9b3"}
,"C:\\Karthik\\Waterloo\\ECE 651\\OFODS\\develop\\ofods-app\\src\\components\\OrderNow.js": {"path":"C:\\Karthik\\Waterloo\\ECE 651\\OFODS\\develop\\ofods-app\\src\\components\\OrderNow.js","statementMap":{"0":{"start":{"line":5,"column":2},"end":{"line":17,"column":4}}},"fnMap":{"0":{"name":"OrderNow","decl":{"start":{"line":4,"column":9},"end":{"line":4,"column":17}},"loc":{"start":{"line":4,"column":34},"end":{"line":18,"column":1}},"line":4}},"branchMap":{},"s":{"0":5},"f":{"0":5},"b":{},"_coverageSchema":"1a1c01bbd47fc00a2c39e90264f33305004495a9","hash":"6b487274dc4917faeeb9915778efd383b5be2895"}
,"C:\\Karthik\\Waterloo\\ECE 651\\OFODS\\develop\\ofods-app\\src\\components\\ProcessInfo.js": {"path":"C:\\Karthik\\Waterloo\\ECE 651\\OFODS\\develop\\ofods-app\\src\\components\\ProcessInfo.js","statementMap":{"0":{"start":{"line":8,"column":2},"end":{"line":43,"column":4}}},"fnMap":{"0":{"name":"ProcessInfo","decl":{"start":{"line":7,"column":9},"end":{"line":7,"column":20}},"loc":{"start":{"line":7,"column":37},"end":{"line":44,"column":1}},"line":7}},"branchMap":{},"s":{"0":5},"f":{"0":5},"b":{},"_coverageSchema":"1a1c01bbd47fc00a2c39e90264f33305004495a9","hash":"3cc3e1e998a06b59103990b89e756bddc236ef5b"}
,"C:\\Karthik\\Waterloo\\ECE 651\\OFODS\\develop\\ofods-app\\src\\components\\ProcessInfoCard.js": {"path":"C:\\Karthik\\Waterloo\\ECE 651\\OFODS\\develop\\ofods-app\\src\\components\\ProcessInfoCard.js","statementMap":{"0":{"start":{"line":2,"column":2},"end":{"line":10,"column":4}}},"fnMap":{"0":{"name":"ProcessInfoCard","decl":{"start":{"line":1,"column":9},"end":{"line":1,"column":24}},"loc":{"start":{"line":1,"column":32},"end":{"line":11,"column":1}},"line":1}},"branchMap":{},"s":{"0":15},"f":{"0":15},"b":{},"_coverageSchema":"1a1c01bbd47fc00a2c39e90264f33305004495a9","hash":"90c9aa1466180f146f02ec3c61fa0c13fc155a09"}
,"C:\\Karthik\\Waterloo\\ECE 651\\OFODS\\develop\\ofods-app\\src\\components\\RestList.js": {"path":"C:\\Karthik\\Waterloo\\ECE 651\\OFODS\\develop\\ofods-app\\src\\components\\RestList.js","statementMap":{"0":{"start":{"line":6,"column":4},"end":{"line":6,"column":87}},"1":{"start":{"line":7,"column":32},"end":{"line":7,"column":47}},"2":{"start":{"line":8,"column":2},"end":{"line":148,"column":4}},"3":{"start":{"line":15,"column":47},"end":{"line":15,"column":65}}},"fnMap":{"0":{"name":"RestList","decl":{"start":{"line":4,"column":9},"end":{"line":4,"column":17}},"loc":{"start":{"line":4,"column":32},"end":{"line":149,"column":1}},"line":4},"1":{"name":"(anonymous_1)","decl":{"start":{"line":15,"column":41},"end":{"line":15,"column":42}},"loc":{"start":{"line":15,"column":47},"end":{"line":15,"column":65}},"line":15}},"branchMap":{"0":{"loc":{"start":{"line":17,"column":33},"end":{"line":74,"column":33}},"type":"cond-expr","locations":[{"start":{"line":18,"column":36},"end":{"line":58,"column":38}},{"start":{"line":60,"column":36},"end":{"line":73,"column":42}}],"line":17},"1":{"loc":{"start":{"line":77,"column":69},"end":{"line":77,"column":96}},"type":"cond-expr","locations":[{"start":{"line":77,"column":78},"end":{"line":77,"column":85}},{"start":{"line":77,"column":88},"end":{"line":77,"column":96}}],"line":77}},"s":{"0":2,"1":2,"2":2,"3":0},"f":{"0":2,"1":0},"b":{"0":[0,2],"1":[0,2]},"_coverageSchema":"1a1c01bbd47fc00a2c39e90264f33305004495a9","hash":"bed870b026ebea908ec49f2cc5efd7b6313033cd"}
,"C:\\Karthik\\Waterloo\\ECE 651\\OFODS\\develop\\ofods-app\\src\\components\\SearchRest.js": {"path":"C:\\Karthik\\Waterloo\\ECE 651\\OFODS\\develop\\ofods-app\\src\\components\\SearchRest.js","statementMap":{"0":{"start":{"line":4,"column":2},"end":{"line":69,"column":4}}},"fnMap":{"0":{"name":"SearchRest","decl":{"start":{"line":3,"column":9},"end":{"line":3,"column":19}},"loc":{"start":{"line":3,"column":36},"end":{"line":70,"column":1}},"line":3}},"branchMap":{},"s":{"0":5},"f":{"0":5},"b":{},"_coverageSchema":"1a1c01bbd47fc00a2c39e90264f33305004495a9","hash":"548c5cb0c766a9fbe86cc7d16cc98fddeca7c34e"}
,"C:\\Karthik\\Waterloo\\ECE 651\\OFODS\\develop\\ofods-app\\src\\components\\SearchRestOnRestPage.js": {"path":"C:\\Karthik\\Waterloo\\ECE 651\\OFODS\\develop\\ofods-app\\src\\components\\SearchRestOnRestPage.js","statementMap":{"0":{"start":{"line":4,"column":2},"end":{"line":59,"column":4}}},"fnMap":{"0":{"name":"SearchRestOnRestPage","decl":{"start":{"line":3,"column":9},"end":{"line":3,"column":29}},"loc":{"start":{"line":3,"column":46},"end":{"line":60,"column":1}},"line":3}},"branchMap":{},"s":{"0":2},"f":{"0":2},"b":{},"_coverageSchema":"1a1c01bbd47fc00a2c39e90264f33305004495a9","hash":"84e2b03ac985819a22d082c3ea79f8f7d1a0aafb"}
,"C:\\Karthik\\Waterloo\\ECE 651\\OFODS\\develop\\ofods-app\\src\\config\\firebase.js": {"path":"C:\\Karthik\\Waterloo\\ECE 651\\OFODS\\develop\\ofods-app\\src\\config\\firebase.js","statementMap":{"0":{"start":{"line":6,"column":23},"end":{"line":14,"column":1}},"1":{"start":{"line":17,"column":0},"end":{"line":17,"column":39}},"2":{"start":{"line":18,"column":11},"end":{"line":18,"column":31}},"3":{"start":{"line":21,"column":2},"end":{"line":99,"column":5}},"4":{"start":{"line":33,"column":8},"end":{"line":33,"column":19}},"5":{"start":{"line":34,"column":4},"end":{"line":98,"column":9}},"6":{"start":{"line":41,"column":19},"end":{"line":41,"column":46}},"7":{"start":{"line":43,"column":8},"end":{"line":45,"column":9}},"8":{"start":{"line":44,"column":10},"end":{"line":44,"column":25}},"9":{"start":{"line":46,"column":8},"end":{"line":92,"column":13}},"10":{"start":{"line":52,"column":12},"end":{"line":84,"column":15}},"11":{"start":{"line":53,"column":42},"end":{"line":53,"column":49}},"12":{"start":{"line":54,"column":14},"end":{"line":54,"column":47}},"13":{"start":{"line":55,"column":39},"end":{"line":67,"column":15}},"14":{"start":{"line":68,"column":14},"end":{"line":83,"column":19}},"15":{"start":{"line":72,"column":18},"end":{"line":78,"column":19}},"16":{"start":{"line":73,"column":20},"end":{"line":73,"column":66}},"17":{"start":{"line":74,"column":20},"end":{"line":74,"column":46}},"18":{"start":{"line":76,"column":20},"end":{"line":76,"column":55}},"19":{"start":{"line":77,"column":20},"end":{"line":77,"column":46}},"20":{"start":{"line":81,"column":18},"end":{"line":81,"column":66}},"21":{"start":{"line":82,"column":18},"end":{"line":82,"column":32}},"22":{"start":{"line":89,"column":31},"end":{"line":89,"column":44}},"23":{"start":{"line":90,"column":12},"end":{"line":90,"column":66}},"24":{"start":{"line":91,"column":12},"end":{"line":91,"column":33}},"25":{"start":{"line":95,"column":27},"end":{"line":95,"column":40}},"26":{"start":{"line":96,"column":8},"end":{"line":96,"column":61}},"27":{"start":{"line":97,"column":8},"end":{"line":97,"column":29}},"28":{"start":{"line":125,"column":2},"end":{"line":161,"column":5}},"29":{"start":{"line":127,"column":6},"end":{"line":127,"column":22}},"30":{"start":{"line":128,"column":20},"end":{"line":128,"column":25}},"31":{"start":{"line":130,"column":4},"end":{"line":159,"column":9}},"32":{"start":{"line":134,"column":8},"end":{"line":134,"column":46}},"33":{"start":{"line":135,"column":8},"end":{"line":135,"column":25}},"34":{"start":{"line":136,"column":8},"end":{"line":151,"column":13}},"35":{"start":{"line":154,"column":8},"end":{"line":154,"column":26}},"36":{"start":{"line":157,"column":27},"end":{"line":157,"column":40}},"37":{"start":{"line":158,"column":8},"end":{"line":158,"column":29}},"38":{"start":{"line":160,"column":4},"end":{"line":160,"column":21}}},"fnMap":{"0":{"name":"signUp","decl":{"start":{"line":20,"column":9},"end":{"line":20,"column":15}},"loc":{"start":{"line":20,"column":29},"end":{"line":100,"column":1}},"line":20},"1":{"name":"(anonymous_1)","decl":{"start":{"line":21,"column":21},"end":{"line":21,"column":22}},"loc":{"start":{"line":21,"column":42},"end":{"line":99,"column":3}},"line":21},"2":{"name":"(anonymous_2)","decl":{"start":{"line":40,"column":12},"end":{"line":40,"column":13}},"loc":{"start":{"line":40,"column":25},"end":{"line":93,"column":7}},"line":40},"3":{"name":"(anonymous_3)","decl":{"start":{"line":51,"column":16},"end":{"line":51,"column":17}},"loc":{"start":{"line":51,"column":25},"end":{"line":85,"column":11}},"line":51},"4":{"name":"(anonymous_4)","decl":{"start":{"line":52,"column":42},"end":{"line":52,"column":43}},"loc":{"start":{"line":52,"column":55},"end":{"line":84,"column":13}},"line":52},"5":{"name":"(anonymous_5)","decl":{"start":{"line":71,"column":22},"end":{"line":71,"column":23}},"loc":{"start":{"line":71,"column":34},"end":{"line":79,"column":17}},"line":71},"6":{"name":"(anonymous_6)","decl":{"start":{"line":80,"column":23},"end":{"line":80,"column":24}},"loc":{"start":{"line":80,"column":40},"end":{"line":83,"column":17}},"line":80},"7":{"name":"(anonymous_7)","decl":{"start":{"line":86,"column":17},"end":{"line":86,"column":18}},"loc":{"start":{"line":86,"column":28},"end":{"line":92,"column":11}},"line":86},"8":{"name":"(anonymous_8)","decl":{"start":{"line":94,"column":13},"end":{"line":94,"column":14}},"loc":{"start":{"line":94,"column":24},"end":{"line":98,"column":7}},"line":94},"9":{"name":"logIn","decl":{"start":{"line":124,"column":9},"end":{"line":124,"column":14}},"loc":{"start":{"line":124,"column":33},"end":{"line":162,"column":1}},"line":124},"10":{"name":"(anonymous_10)","decl":{"start":{"line":125,"column":21},"end":{"line":125,"column":22}},"loc":{"start":{"line":125,"column":42},"end":{"line":161,"column":3}},"line":125},"11":{"name":"(anonymous_11)","decl":{"start":{"line":133,"column":12},"end":{"line":133,"column":13}},"loc":{"start":{"line":133,"column":25},"end":{"line":152,"column":7}},"line":133},"12":{"name":"(anonymous_12)","decl":{"start":{"line":139,"column":16},"end":{"line":139,"column":17}},"loc":{"start":{"line":139,"column":30},"end":{"line":151,"column":11}},"line":139},"13":{"name":"(anonymous_13)","decl":{"start":{"line":153,"column":13},"end":{"line":153,"column":14}},"loc":{"start":{"line":153,"column":24},"end":{"line":159,"column":7}},"line":153}},"branchMap":{"0":{"loc":{"start":{"line":43,"column":8},"end":{"line":45,"column":9}},"type":"if","locations":[{"start":{"line":43,"column":8},"end":{"line":45,"column":9}},{"start":{},"end":{}}],"line":43},"1":{"loc":{"start":{"line":72,"column":18},"end":{"line":78,"column":19}},"type":"if","locations":[{"start":{"line":72,"column":18},"end":{"line":78,"column":19}},{"start":{"line":75,"column":25},"end":{"line":78,"column":19}}],"line":72}},"s":{"0":1,"1":1,"2":1,"3":0,"4":0,"5":0,"6":0,"7":0,"8":0,"9":0,"10":0,"11":0,"12":0,"13":0,"14":0,"15":0,"16":0,"17":0,"18":0,"19":0,"20":0,"21":0,"22":0,"23":0,"24":0,"25":0,"26":0,"27":0,"28":0,"29":0,"30":0,"31":0,"32":0,"33":0,"34":0,"35":0,"36":0,"37":0,"38":0},"f":{"0":0,"1":0,"2":0,"3":0,"4":0,"5":0,"6":0,"7":0,"8":0,"9":0,"10":0,"11":0,"12":0,"13":0},"b":{"0":[0,0],"1":[0,0]},"_coverageSchema":"1a1c01bbd47fc00a2c39e90264f33305004495a9","hash":"cdb1c87746edc6155c984331e8fe073d3b0910ca"}
,"C:\\Karthik\\Waterloo\\ECE 651\\OFODS\\develop\\ofods-app\\src\\reducers\\index.js": {"path":"C:\\Karthik\\Waterloo\\ECE 651\\OFODS\\develop\\ofods-app\\src\\reducers\\index.js","statementMap":{"0":{"start":{"line":6,"column":20},"end":{"line":9,"column":2}}},"fnMap":{},"branchMap":{},"s":{"0":1},"f":{},"b":{},"_coverageSchema":"1a1c01bbd47fc00a2c39e90264f33305004495a9","hash":"7607e441a51b26fbcb8e8e8288520c0fea01ba24"}
,"C:\\Karthik\\Waterloo\\ECE 651\\OFODS\\develop\\ofods-app\\src\\reducers\\isLogged.js": {"path":"C:\\Karthik\\Waterloo\\ECE 651\\OFODS\\develop\\ofods-app\\src\\reducers\\isLogged.js","statementMap":{"0":{"start":{"line":1,"column":22},"end":{"line":9,"column":1}},"1":{"start":{"line":2,"column":4},"end":{"line":8,"column":5}},"2":{"start":{"line":4,"column":12},"end":{"line":4,"column":26}},"3":{"start":{"line":7,"column":12},"end":{"line":7,"column":25}}},"fnMap":{"0":{"name":"(anonymous_0)","decl":{"start":{"line":1,"column":22},"end":{"line":1,"column":23}},"loc":{"start":{"line":1,"column":48},"end":{"line":9,"column":1}},"line":1}},"branchMap":{"0":{"loc":{"start":{"line":1,"column":23},"end":{"line":1,"column":36}},"type":"default-arg","locations":[{"start":{"line":1,"column":31},"end":{"line":1,"column":36}}],"line":1},"1":{"loc":{"start":{"line":2,"column":4},"end":{"line":8,"column":5}},"type":"switch","locations":[{"start":{"line":3,"column":8},"end":{"line":4,"column":26}},{"start":{"line":6,"column":8},"end":{"line":7,"column":25}}],"line":2}},"s":{"0":1,"1":3,"2":0,"3":3},"f":{"0":3},"b":{"0":[3],"1":[0,3]},"_coverageSchema":"1a1c01bbd47fc00a2c39e90264f33305004495a9","hash":"3b73d97e6545199b99cd80b3caa4286ff67d7f04"}
,"C:\\Karthik\\Waterloo\\ECE 651\\OFODS\\develop\\ofods-app\\src\\reducers\\navbar.js": {"path":"C:\\Karthik\\Waterloo\\ECE 651\\OFODS\\develop\\ofods-app\\src\\reducers\\navbar.js","statementMap":{"0":{"start":{"line":1,"column":22},"end":{"line":8,"column":1}},"1":{"start":{"line":2,"column":4},"end":{"line":7,"column":5}},"2":{"start":{"line":4,"column":12},"end":{"line":4,"column":25}},"3":{"start":{"line":6,"column":12},"end":{"line":6,"column":24}}},"fnMap":{"0":{"name":"(anonymous_0)","decl":{"start":{"line":1,"column":22},"end":{"line":1,"column":23}},"loc":{"start":{"line":1,"column":45},"end":{"line":8,"column":1}},"line":1}},"branchMap":{"0":{"loc":{"start":{"line":1,"column":23},"end":{"line":1,"column":34}},"type":"default-arg","locations":[{"start":{"line":1,"column":29},"end":{"line":1,"column":34}}],"line":1},"1":{"loc":{"start":{"line":2,"column":4},"end":{"line":7,"column":5}},"type":"switch","locations":[{"start":{"line":3,"column":8},"end":{"line":4,"column":25}},{"start":{"line":5,"column":8},"end":{"line":6,"column":24}}],"line":2}},"s":{"0":1,"1":3,"2":0,"3":3},"f":{"0":3},"b":{"0":[3],"1":[0,3]},"_coverageSchema":"1a1c01bbd47fc00a2c39e90264f33305004495a9","hash":"e4a4b614ef335e97db559cd1dd07202e539b0843"}
,"C:\\Karthik\\Waterloo\\ECE 651\\OFODS\\develop\\ofods-app\\src\\screens\\Home.js": {"path":"C:\\Karthik\\Waterloo\\ECE 651\\OFODS\\develop\\ofods-app\\src\\screens\\Home.js","statementMap":{"0":{"start":{"line":8,"column":2},"end":{"line":15,"column":4}}},"fnMap":{"0":{"name":"Home","decl":{"start":{"line":7,"column":9},"end":{"line":7,"column":13}},"loc":{"start":{"line":7,"column":16},"end":{"line":16,"column":1}},"line":7}},"branchMap":{},"s":{"0":5},"f":{"0":5},"b":{},"_coverageSchema":"1a1c01bbd47fc00a2c39e90264f33305004495a9","hash":"46708b763c4cf420be6020743d1e31862acfd635"}
,"C:\\Karthik\\Waterloo\\ECE 651\\OFODS\\develop\\ofods-app\\src\\screens\\Login.js": {"path":"C:\\Karthik\\Waterloo\\ECE 651\\OFODS\\develop\\ofods-app\\src\\screens\\Login.js","statementMap":{"0":{"start":{"line":10,"column":14},"end":{"line":534,"column":1}},"1":{"start":{"line":11,"column":19},"end":{"line":11,"column":32}},"2":{"start":{"line":12,"column":46},"end":{"line":12,"column":61}},"3":{"start":{"line":13,"column":52},"end":{"line":13,"column":64}},"4":{"start":{"line":14,"column":37},"end":{"line":14,"column":61}},"5":{"start":{"line":15,"column":34},"end":{"line":15,"column":46}},"6":{"start":{"line":16,"column":36},"end":{"line":16,"column":48}},"7":{"start":{"line":17,"column":42},"end":{"line":17,"column":54}},"8":{"start":{"line":18,"column":56},"end":{"line":18,"column":71}},"9":{"start":{"line":19,"column":34},"end":{"line":19,"column":46}},"10":{"start":{"line":20,"column":40},"end":{"line":20,"column":52}},"11":{"start":{"line":21,"column":38},"end":{"line":21,"column":54}},"12":{"start":{"line":22,"column":32},"end":{"line":22,"column":44}},"13":{"start":{"line":23,"column":50},"end":{"line":23,"column":64}},"14":{"start":{"line":24,"column":32},"end":{"line":24,"column":47}},"15":{"start":{"line":25,"column":36},"end":{"line":25,"column":51}},"16":{"start":{"line":26,"column":46},"end":{"line":26,"column":58}},"17":{"start":{"line":27,"column":52},"end":{"line":27,"column":64}},"18":{"start":{"line":29,"column":22},"end":{"line":31,"column":3}},"19":{"start":{"line":30,"column":4},"end":{"line":30,"column":39}},"20":{"start":{"line":33,"column":25},"end":{"line":45,"column":3}},"21":{"start":{"line":34,"column":21},"end":{"line":34,"column":22}},"22":{"start":{"line":35,"column":28},"end":{"line":35,"column":52}},"23":{"start":{"line":36,"column":4},"end":{"line":44,"column":5}},"24":{"start":{"line":37,"column":6},"end":{"line":37,"column":26}},"25":{"start":{"line":38,"column":6},"end":{"line":38,"column":31}},"26":{"start":{"line":39,"column":6},"end":{"line":39,"column":28}},"27":{"start":{"line":41,"column":6},"end":{"line":41,"column":25}},"28":{"start":{"line":42,"column":6},"end":{"line":42,"column":74}},"29":{"start":{"line":43,"column":6},"end":{"line":43,"column":22}},"30":{"start":{"line":47,"column":26},"end":{"line":62,"column":3}},"31":{"start":{"line":48,"column":22},"end":{"line":48,"column":23}},"32":{"start":{"line":50,"column":6},"end":{"line":50,"column":156}},"33":{"start":{"line":51,"column":4},"end":{"line":61,"column":5}},"34":{"start":{"line":52,"column":6},"end":{"line":52,"column":26}},"35":{"start":{"line":53,"column":6},"end":{"line":53,"column":31}},"36":{"start":{"line":54,"column":6},"end":{"line":54,"column":30}},"37":{"start":{"line":56,"column":6},"end":{"line":56,"column":25}},"38":{"start":{"line":57,"column":6},"end":{"line":59,"column":8}},"39":{"start":{"line":60,"column":6},"end":{"line":60,"column":23}},"40":{"start":{"line":64,"column":29},"end":{"line":78,"column":3}},"41":{"start":{"line":65,"column":25},"end":{"line":65,"column":26}},"42":{"start":{"line":66,"column":32},"end":{"line":66,"column":70}},"43":{"start":{"line":67,"column":4},"end":{"line":77,"column":5}},"44":{"start":{"line":68,"column":6},"end":{"line":68,"column":26}},"45":{"start":{"line":69,"column":6},"end":{"line":69,"column":31}},"46":{"start":{"line":70,"column":6},"end":{"line":70,"column":36}},"47":{"start":{"line":72,"column":6},"end":{"line":72,"column":25}},"48":{"start":{"line":73,"column":6},"end":{"line":75,"column":8}},"49":{"start":{"line":76,"column":6},"end":{"line":76,"column":26}},"50":{"start":{"line":80,"column":36},"end":{"line":93,"column":3}},"51":{"start":{"line":81,"column":32},"end":{"line":81,"column":33}},"52":{"start":{"line":82,"column":4},"end":{"line":92,"column":5}},"53":{"start":{"line":83,"column":6},"end":{"line":83,"column":26}},"54":{"start":{"line":84,"column":6},"end":{"line":84,"column":31}},"55":{"start":{"line":85,"column":6},"end":{"line":85,"column":35}},"56":{"start":{"line":87,"column":6},"end":{"line":87,"column":25}},"57":{"start":{"line":88,"column":6},"end":{"line":90,"column":8}},"58":{"start":{"line":91,"column":6},"end":{"line":91,"column":36}},"59":{"start":{"line":95,"column":25},"end":{"line":107,"column":3}},"60":{"start":{"line":96,"column":21},"end":{"line":96,"column":22}},"61":{"start":{"line":97,"column":28},"end":{"line":97,"column":52}},"62":{"start":{"line":98,"column":4},"end":{"line":106,"column":5}},"63":{"start":{"line":99,"column":6},"end":{"line":99,"column":26}},"64":{"start":{"line":100,"column":6},"end":{"line":100,"column":31}},"65":{"start":{"line":101,"column":6},"end":{"line":101,"column":28}},"66":{"start":{"line":103,"column":6},"end":{"line":103,"column":25}},"67":{"start":{"line":104,"column":6},"end":{"line":104,"column":79}},"68":{"start":{"line":105,"column":6},"end":{"line":105,"column":22}},"69":{"start":{"line":109,"column":28},"end":{"line":123,"column":3}},"70":{"start":{"line":110,"column":24},"end":{"line":110,"column":25}},"71":{"start":{"line":111,"column":31},"end":{"line":111,"column":55}},"72":{"start":{"line":112,"column":4},"end":{"line":122,"column":5}},"73":{"start":{"line":113,"column":6},"end":{"line":113,"column":26}},"74":{"start":{"line":114,"column":6},"end":{"line":114,"column":31}},"75":{"start":{"line":115,"column":6},"end":{"line":115,"column":34}},"76":{"start":{"line":117,"column":6},"end":{"line":117,"column":25}},"77":{"start":{"line":118,"column":6},"end":{"line":120,"column":8}},"78":{"start":{"line":121,"column":6},"end":{"line":121,"column":25}},"79":{"start":{"line":125,"column":27},"end":{"line":127,"column":3}},"80":{"start":{"line":126,"column":4},"end":{"line":126,"column":34}},"81":{"start":{"line":129,"column":24},"end":{"line":140,"column":3}},"82":{"start":{"line":130,"column":20},"end":{"line":130,"column":21}},"83":{"start":{"line":131,"column":4},"end":{"line":139,"column":5}},"84":{"start":{"line":132,"column":6},"end":{"line":132,"column":26}},"85":{"start":{"line":133,"column":6},"end":{"line":133,"column":31}},"86":{"start":{"line":134,"column":6},"end":{"line":134,"column":26}},"87":{"start":{"line":136,"column":6},"end":{"line":136,"column":25}},"88":{"start":{"line":137,"column":6},"end":{"line":137,"column":73}},"89":{"start":{"line":138,"column":6},"end":{"line":138,"column":21}},"90":{"start":{"line":142,"column":33},"end":{"line":153,"column":3}},"91":{"start":{"line":143,"column":4},"end":{"line":152,"column":5}},"92":{"start":{"line":144,"column":6},"end":{"line":144,"column":45}},"93":{"start":{"line":145,"column":6},"end":{"line":145,"column":26}},"94":{"start":{"line":146,"column":6},"end":{"line":146,"column":31}},"95":{"start":{"line":148,"column":6},"end":{"line":148,"column":25}},"96":{"start":{"line":149,"column":6},"end":{"line":149,"column":78}},"97":{"start":{"line":150,"column":6},"end":{"line":150,"column":50}},"98":{"start":{"line":151,"column":6},"end":{"line":151,"column":30}},"99":{"start":{"line":155,"column":24},"end":{"line":167,"column":3}},"100":{"start":{"line":156,"column":4},"end":{"line":166,"column":5}},"101":{"start":{"line":157,"column":6},"end":{"line":157,"column":23}},"102":{"start":{"line":158,"column":6},"end":{"line":158,"column":26}},"103":{"start":{"line":159,"column":6},"end":{"line":159,"column":31}},"104":{"start":{"line":161,"column":6},"end":{"line":161,"column":24}},"105":{"start":{"line":162,"column":6},"end":{"line":162,"column":25}},"106":{"start":{"line":163,"column":6},"end":{"line":165,"column":8}},"107":{"start":{"line":169,"column":33},"end":{"line":246,"column":3}},"108":{"start":{"line":170,"column":28},"end":{"line":170,"column":52}},"109":{"start":{"line":172,"column":6},"end":{"line":172,"column":156}},"110":{"start":{"line":173,"column":32},"end":{"line":173,"column":70}},"111":{"start":{"line":174,"column":31},"end":{"line":174,"column":55}},"112":{"start":{"line":175,"column":28},"end":{"line":175,"column":52}},"113":{"start":{"line":177,"column":4},"end":{"line":245,"column":5}},"114":{"start":{"line":178,"column":6},"end":{"line":178,"column":25}},"115":{"start":{"line":179,"column":6},"end":{"line":179,"column":74}},"116":{"start":{"line":180,"column":11},"end":{"line":245,"column":5}},"117":{"start":{"line":181,"column":6},"end":{"line":181,"column":25}},"118":{"start":{"line":182,"column":6},"end":{"line":184,"column":8}},"119":{"start":{"line":185,"column":6},"end":{"line":185,"column":23}},"120":{"start":{"line":186,"column":11},"end":{"line":245,"column":5}},"121":{"start":{"line":187,"column":6},"end":{"line":187,"column":25}},"122":{"start":{"line":188,"column":6},"end":{"line":190,"column":8}},"123":{"start":{"line":191,"column":6},"end":{"line":191,"column":26}},"124":{"start":{"line":192,"column":11},"end":{"line":245,"column":5}},"125":{"start":{"line":193,"column":6},"end":{"line":193,"column":25}},"126":{"start":{"line":194,"column":6},"end":{"line":196,"column":8}},"127":{"start":{"line":197,"column":6},"end":{"line":197,"column":36}},"128":{"start":{"line":198,"column":11},"end":{"line":245,"column":5}},"129":{"start":{"line":199,"column":6},"end":{"line":199,"column":25}},"130":{"start":{"line":200,"column":6},"end":{"line":200,"column":79}},"131":{"start":{"line":201,"column":6},"end":{"line":201,"column":22}},"132":{"start":{"line":202,"column":11},"end":{"line":245,"column":5}},"133":{"start":{"line":203,"column":6},"end":{"line":203,"column":25}},"134":{"start":{"line":204,"column":6},"end":{"line":206,"column":8}},"135":{"start":{"line":207,"column":6},"end":{"line":207,"column":25}},"136":{"start":{"line":208,"column":11},"end":{"line":245,"column":5}},"137":{"start":{"line":209,"column":6},"end":{"line":209,"column":25}},"138":{"start":{"line":210,"column":6},"end":{"line":210,"column":73}},"139":{"start":{"line":211,"column":6},"end":{"line":211,"column":21}},"140":{"start":{"line":212,"column":11},"end":{"line":245,"column":5}},"141":{"start":{"line":213,"column":6},"end":{"line":213,"column":25}},"142":{"start":{"line":214,"column":6},"end":{"line":214,"column":78}},"143":{"start":{"line":215,"column":6},"end":{"line":215,"column":50}},"144":{"start":{"line":216,"column":6},"end":{"line":216,"column":30}},"145":{"start":{"line":217,"column":11},"end":{"line":245,"column":5}},"146":{"start":{"line":218,"column":6},"end":{"line":218,"column":24}},"147":{"start":{"line":219,"column":6},"end":{"line":219,"column":25}},"148":{"start":{"line":220,"column":6},"end":{"line":220,"column":66}},"149":{"start":{"line":222,"column":26},"end":{"line":234,"column":7}},"150":{"start":{"line":235,"column":6},"end":{"line":244,"column":7}},"151":{"start":{"line":236,"column":29},"end":{"line":236,"column":54}},"152":{"start":{"line":238,"column":8},"end":{"line":241,"column":9}},"153":{"start":{"line":240,"column":10},"end":{"line":240,"column":39}},"154":{"start":{"line":243,"column":8},"end":{"line":243,"column":51}},"155":{"start":{"line":248,"column":28},"end":{"line":269,"column":3}},"156":{"start":{"line":249,"column":4},"end":{"line":249,"column":27}},"157":{"start":{"line":250,"column":4},"end":{"line":250,"column":31}},"158":{"start":{"line":251,"column":29},"end":{"line":255,"column":5}},"159":{"start":{"line":256,"column":4},"end":{"line":268,"column":5}},"160":{"start":{"line":257,"column":6},"end":{"line":257,"column":20}},"161":{"start":{"line":258,"column":26},"end":{"line":258,"column":55}},"162":{"start":{"line":260,"column":6},"end":{"line":265,"column":7}},"163":{"start":{"line":263,"column":8},"end":{"line":263,"column":58}},"164":{"start":{"line":267,"column":6},"end":{"line":267,"column":47}},"165":{"start":{"line":271,"column":2},"end":{"line":533,"column":4}},"166":{"start":{"line":294,"column":36},"end":{"line":294,"column":66}},"167":{"start":{"line":312,"column":36},"end":{"line":312,"column":67}},"168":{"start":{"line":329,"column":36},"end":{"line":329,"column":70}},"169":{"start":{"line":346,"column":36},"end":{"line":346,"column":77}},"170":{"start":{"line":362,"column":36},"end":{"line":362,"column":66}},"171":{"start":{"line":378,"column":36},"end":{"line":378,"column":69}},"172":{"start":{"line":412,"column":36},"end":{"line":412,"column":65}}},"fnMap":{"0":{"name":"(anonymous_0)","decl":{"start":{"line":10,"column":14},"end":{"line":10,"column":15}},"loc":{"start":{"line":10,"column":25},"end":{"line":534,"column":1}},"line":10},"1":{"name":"(anonymous_1)","decl":{"start":{"line":29,"column":22},"end":{"line":29,"column":23}},"loc":{"start":{"line":29,"column":28},"end":{"line":31,"column":3}},"line":29},"2":{"name":"(anonymous_2)","decl":{"start":{"line":33,"column":25},"end":{"line":33,"column":26}},"loc":{"start":{"line":33,"column":32},"end":{"line":45,"column":3}},"line":33},"3":{"name":"(anonymous_3)","decl":{"start":{"line":47,"column":26},"end":{"line":47,"column":27}},"loc":{"start":{"line":47,"column":33},"end":{"line":62,"column":3}},"line":47},"4":{"name":"(anonymous_4)","decl":{"start":{"line":64,"column":29},"end":{"line":64,"column":30}},"loc":{"start":{"line":64,"column":36},"end":{"line":78,"column":3}},"line":64},"5":{"name":"(anonymous_5)","decl":{"start":{"line":80,"column":36},"end":{"line":80,"column":37}},"loc":{"start":{"line":80,"column":43},"end":{"line":93,"column":3}},"line":80},"6":{"name":"(anonymous_6)","decl":{"start":{"line":95,"column":25},"end":{"line":95,"column":26}},"loc":{"start":{"line":95,"column":32},"end":{"line":107,"column":3}},"line":95},"7":{"name":"(anonymous_7)","decl":{"start":{"line":109,"column":28},"end":{"line":109,"column":29}},"loc":{"start":{"line":109,"column":35},"end":{"line":123,"column":3}},"line":109},"8":{"name":"(anonymous_8)","decl":{"start":{"line":125,"column":27},"end":{"line":125,"column":28}},"loc":{"start":{"line":125,"column":34},"end":{"line":127,"column":3}},"line":125},"9":{"name":"(anonymous_9)","decl":{"start":{"line":129,"column":24},"end":{"line":129,"column":25}},"loc":{"start":{"line":129,"column":31},"end":{"line":140,"column":3}},"line":129},"10":{"name":"(anonymous_10)","decl":{"start":{"line":142,"column":33},"end":{"line":142,"column":34}},"loc":{"start":{"line":142,"column":40},"end":{"line":153,"column":3}},"line":142},"11":{"name":"(anonymous_11)","decl":{"start":{"line":155,"column":24},"end":{"line":155,"column":25}},"loc":{"start":{"line":155,"column":30},"end":{"line":167,"column":3}},"line":155},"12":{"name":"(anonymous_12)","decl":{"start":{"line":169,"column":33},"end":{"line":169,"column":34}},"loc":{"start":{"line":169,"column":45},"end":{"line":246,"column":3}},"line":169},"13":{"name":"(anonymous_13)","decl":{"start":{"line":248,"column":28},"end":{"line":248,"column":29}},"loc":{"start":{"line":248,"column":45},"end":{"line":269,"column":3}},"line":248},"14":{"name":"(anonymous_14)","decl":{"start":{"line":294,"column":29},"end":{"line":294,"column":30}},"loc":{"start":{"line":294,"column":36},"end":{"line":294,"column":66}},"line":294},"15":{"name":"(anonymous_15)","decl":{"start":{"line":312,"column":29},"end":{"line":312,"column":30}},"loc":{"start":{"line":312,"column":36},"end":{"line":312,"column":67}},"line":312},"16":{"name":"(anonymous_16)","decl":{"start":{"line":329,"column":29},"end":{"line":329,"column":30}},"loc":{"start":{"line":329,"column":36},"end":{"line":329,"column":70}},"line":329},"17":{"name":"(anonymous_17)","decl":{"start":{"line":346,"column":29},"end":{"line":346,"column":30}},"loc":{"start":{"line":346,"column":36},"end":{"line":346,"column":77}},"line":346},"18":{"name":"(anonymous_18)","decl":{"start":{"line":362,"column":29},"end":{"line":362,"column":30}},"loc":{"start":{"line":362,"column":36},"end":{"line":362,"column":66}},"line":362},"19":{"name":"(anonymous_19)","decl":{"start":{"line":378,"column":29},"end":{"line":378,"column":30}},"loc":{"start":{"line":378,"column":36},"end":{"line":378,"column":69}},"line":378},"20":{"name":"(anonymous_20)","decl":{"start":{"line":412,"column":29},"end":{"line":412,"column":30}},"loc":{"start":{"line":412,"column":36},"end":{"line":412,"column":65}},"line":412}},"branchMap":{"0":{"loc":{"start":{"line":36,"column":4},"end":{"line":44,"column":5}},"type":"if","locations":[{"start":{"line":36,"column":4},"end":{"line":44,"column":5}},{"start":{"line":40,"column":11},"end":{"line":44,"column":5}}],"line":36},"1":{"loc":{"start":{"line":51,"column":4},"end":{"line":61,"column":5}},"type":"if","locations":[{"start":{"line":51,"column":4},"end":{"line":61,"column":5}},{"start":{"line":55,"column":11},"end":{"line":61,"column":5}}],"line":51},"2":{"loc":{"start":{"line":67,"column":4},"end":{"line":77,"column":5}},"type":"if","locations":[{"start":{"line":67,"column":4},"end":{"line":77,"column":5}},{"start":{"line":71,"column":11},"end":{"line":77,"column":5}}],"line":67},"3":{"loc":{"start":{"line":82,"column":4},"end":{"line":92,"column":5}},"type":"if","locations":[{"start":{"line":82,"column":4},"end":{"line":92,"column":5}},{"start":{"line":86,"column":11},"end":{"line":92,"column":5}}],"line":82},"4":{"loc":{"start":{"line":98,"column":4},"end":{"line":106,"column":5}},"type":"if","locations":[{"start":{"line":98,"column":4},"end":{"line":106,"column":5}},{"start":{"line":102,"column":11},"end":{"line":106,"column":5}}],"line":98},"5":{"loc":{"start":{"line":112,"column":4},"end":{"line":122,"column":5}},"type":"if","locations":[{"start":{"line":112,"column":4},"end":{"line":122,"column":5}},{"start":{"line":116,"column":11},"end":{"line":122,"column":5}}],"line":112},"6":{"loc":{"start":{"line":131,"column":4},"end":{"line":139,"column":5}},"type":"if","locations":[{"start":{"line":131,"column":4},"end":{"line":139,"column":5}},{"start":{"line":135,"column":11},"end":{"line":139,"column":5}}],"line":131},"7":{"loc":{"start":{"line":131,"column":8},"end":{"line":131,"column":36}},"type":"binary-expr","locations":[{"start":{"line":131,"column":8},"end":{"line":131,"column":19}},{"start":{"line":131,"column":23},"end":{"line":131,"column":36}}],"line":131},"8":{"loc":{"start":{"line":143,"column":4},"end":{"line":152,"column":5}},"type":"if","locations":[{"start":{"line":143,"column":4},"end":{"line":152,"column":5}},{"start":{"line":147,"column":11},"end":{"line":152,"column":5}}],"line":143},"9":{"loc":{"start":{"line":156,"column":4},"end":{"line":166,"column":5}},"type":"if","locations":[{"start":{"line":156,"column":4},"end":{"line":166,"column":5}},{"start":{"line":160,"column":11},"end":{"line":166,"column":5}}],"line":156},"10":{"loc":{"start":{"line":177,"column":4},"end":{"line":245,"column":5}},"type":"if","locations":[{"start":{"line":177,"column":4},"end":{"line":245,"column":5}},{"start":{"line":180,"column":11},"end":{"line":245,"column":5}}],"line":177},"11":{"loc":{"start":{"line":180,"column":11},"end":{"line":245,"column":5}},"type":"if","locations":[{"start":{"line":180,"column":11},"end":{"line":245,"column":5}},{"start":{"line":186,"column":11},"end":{"line":245,"column":5}}],"line":180},"12":{"loc":{"start":{"line":186,"column":11},"end":{"line":245,"column":5}},"type":"if","locations":[{"start":{"line":186,"column":11},"end":{"line":245,"column":5}},{"start":{"line":192,"column":11},"end":{"line":245,"column":5}}],"line":186},"13":{"loc":{"start":{"line":192,"column":11},"end":{"line":245,"column":5}},"type":"if","locations":[{"start":{"line":192,"column":11},"end":{"line":245,"column":5}},{"start":{"line":198,"column":11},"end":{"line":245,"column":5}}],"line":192},"14":{"loc":{"start":{"line":198,"column":11},"end":{"line":245,"column":5}},"type":"if","locations":[{"start":{"line":198,"column":11},"end":{"line":245,"column":5}},{"start":{"line":202,"column":11},"end":{"line":245,"column":5}}],"line":198},"15":{"loc":{"start":{"line":202,"column":11},"end":{"line":245,"column":5}},"type":"if","locations":[{"start":{"line":202,"column":11},"end":{"line":245,"column":5}},{"start":{"line":208,"column":11},"end":{"line":245,"column":5}}],"line":202},"16":{"loc":{"start":{"line":208,"column":11},"end":{"line":245,"column":5}},"type":"if","locations":[{"start":{"line":208,"column":11},"end":{"line":245,"column":5}},{"start":{"line":212,"column":11},"end":{"line":245,"column":5}}],"line":208},"17":{"loc":{"start":{"line":208,"column":17},"end":{"line":208,"column":45}},"type":"binary-expr","locations":[{"start":{"line":208,"column":17},"end":{"line":208,"column":28}},{"start":{"line":208,"column":32},"end":{"line":208,"column":45}}],"line":208},"18":{"loc":{"start":{"line":212,"column":11},"end":{"line":245,"column":5}},"type":"if","locations":[{"start":{"line":212,"column":11},"end":{"line":245,"column":5}},{"start":{"line":217,"column":11},"end":{"line":245,"column":5}}],"line":212},"19":{"loc":{"start":{"line":217,"column":11},"end":{"line":245,"column":5}},"type":"if","locations":[{"start":{"line":217,"column":11},"end":{"line":245,"column":5}},{"start":{"line":221,"column":11},"end":{"line":245,"column":5}}],"line":217},"20":{"loc":{"start":{"line":238,"column":8},"end":{"line":241,"column":9}},"type":"if","locations":[{"start":{"line":238,"column":8},"end":{"line":241,"column":9}},{"start":{},"end":{}}],"line":238},"21":{"loc":{"start":{"line":260,"column":6},"end":{"line":265,"column":7}},"type":"if","locations":[{"start":{"line":260,"column":6},"end":{"line":265,"column":7}},{"start":{},"end":{}}],"line":260},"22":{"loc":{"start":{"line":274,"column":9},"end":{"line":530,"column":9}},"type":"cond-expr","locations":[{"start":{"line":275,"column":10},"end":{"line":473,"column":16}},{"start":{"line":475,"column":10},"end":{"line":529,"column":16}}],"line":274},"23":{"loc":{"start":{"line":449,"column":19},"end":{"line":449,"column":55}},"type":"cond-expr","locations":[{"start":{"line":449,"column":31},"end":{"line":449,"column":48}},{"start":{"line":449,"column":51},"end":{"line":449,"column":55}}],"line":449}},"s":{"0":1,"1":2,"2":2,"3":2,"4":2,"5":2,"6":2,"7":2,"8":2,"9":2,"10":2,"11":2,"12":2,"13":2,"14":2,"15":2,"16":2,"17":2,"18":2,"19":0,"20":2,"21":0,"22":0,"23":0,"24":0,"25":0,"26":0,"27":0,"28":0,"29":0,"30":2,"31":0,"32":0,"33":0,"34":0,"35":0,"36":0,"37":0,"38":0,"39":0,"40":2,"41":0,"42":0,"43":0,"44":0,"45":0,"46":0,"47":0,"48":0,"49":0,"50":2,"51":0,"52":0,"53":0,"54":0,"55":0,"56":0,"57":0,"58":0,"59":2,"60":0,"61":0,"62":0,"63":0,"64":0,"65":0,"66":0,"67":0,"68":0,"69":2,"70":0,"71":0,"72":0,"73":0,"74":0,"75":0,"76":0,"77":0,"78":0,"79":2,"80":0,"81":2,"82":0,"83":0,"84":0,"85":0,"86":0,"87":0,"88":0,"89":0,"90":2,"91":0,"92":0,"93":0,"94":0,"95":0,"96":0,"97":0,"98":0,"99":2,"100":0,"101":0,"102":0,"103":0,"104":0,"105":0,"106":0,"107":2,"108":0,"109":0,"110":0,"111":0,"112":0,"113":0,"114":0,"115":0,"116":0,"117":0,"118":0,"119":0,"120":0,"121":0,"122":0,"123":0,"124":0,"125":0,"126":0,"127":0,"128":0,"129":0,"130":0,"131":0,"132":0,"133":0,"134":0,"135":0,"136":0,"137":0,"138":0,"139":0,"140":0,"141":0,"142":0,"143":0,"144":0,"145":0,"146":0,"147":0,"148":0,"149":0,"150":0,"151":0,"152":0,"153":0,"154":0,"155":2,"156":0,"157":0,"158":0,"159":0,"160":0,"161":0,"162":0,"163":0,"164":0,"165":2,"166":0,"167":0,"168":0,"169":0,"170":0,"171":0,"172":0},"f":{"0":2,"1":0,"2":0,"3":0,"4":0,"5":0,"6":0,"7":0,"8":0,"9":0,"10":0,"11":0,"12":0,"13":0,"14":0,"15":0,"16":0,"17":0,"18":0,"19":0,"20":0},"b":{"0":[0,0],"1":[0,0],"2":[0,0],"3":[0,0],"4":[0,0],"5":[0,0],"6":[0,0],"7":[0,0],"8":[0,0],"9":[0,0],"10":[0,0],"11":[0,0],"12":[0,0],"13":[0,0],"14":[0,0],"15":[0,0],"16":[0,0],"17":[0,0],"18":[0,0],"19":[0,0],"20":[0,0],"21":[0,0],"22":[0,2],"23":[0,0]},"_coverageSchema":"1a1c01bbd47fc00a2c39e90264f33305004495a9","hash":"7aebe3b41108dff479102b69ab951c5063672cad"}
,"C:\\Karthik\\Waterloo\\ECE 651\\OFODS\\develop\\ofods-app\\src\\screens\\Orders.js": {"path":"C:\\Karthik\\Waterloo\\ECE 651\\OFODS\\develop\\ofods-app\\src\\screens\\Orders.js","statementMap":{"0":{"start":{"line":4,"column":2},"end":{"line":6,"column":4}}},"fnMap":{"0":{"name":"Orders","decl":{"start":{"line":3,"column":9},"end":{"line":3,"column":15}},"loc":{"start":{"line":3,"column":18},"end":{"line":7,"column":1}},"line":3}},"branchMap":{},"s":{"0":0},"f":{"0":0},"b":{},"_coverageSchema":"1a1c01bbd47fc00a2c39e90264f33305004495a9","hash":"90fdfa6de3052e4b96caee0f26a0b4a1d9bee174"}
,"C:\\Karthik\\Waterloo\\ECE 651\\OFODS\\develop\\ofods-app\\src\\screens\\RegisterRestaurant.js": {"path":"C:\\Karthik\\Waterloo\\ECE 651\\OFODS\\develop\\ofods-app\\src\\screens\\RegisterRestaurant.js","statementMap":{"0":{"start":{"line":2,"column":4},"end":{"line":4,"column":13}}},"fnMap":{"0":{"name":"RegisterRestaurants","decl":{"start":{"line":1,"column":9},"end":{"line":1,"column":28}},"loc":{"start":{"line":1,"column":31},"end":{"line":5,"column":1}},"line":1}},"branchMap":{},"s":{"0":1},"f":{"0":1},"b":{},"_coverageSchema":"1a1c01bbd47fc00a2c39e90264f33305004495a9","hash":"d3b41fe377ee67660121b79f412ed4cb5295bf45"}
,"C:\\Karthik\\Waterloo\\ECE 651\\OFODS\\develop\\ofods-app\\src\\screens\\RestaurantDetails.js": {"path":"C:\\Karthik\\Waterloo\\ECE 651\\OFODS\\develop\\ofods-app\\src\\screens\\RestaurantDetails.js","statementMap":{"0":{"start":{"line":6,"column":26},"end":{"line":162,"column":1}},"1":{"start":{"line":7,"column":46},"end":{"line":7,"column":58}},"2":{"start":{"line":8,"column":40},"end":{"line":8,"column":51}},"3":{"start":{"line":9,"column":44},"end":{"line":9,"column":59}},"4":{"start":{"line":10,"column":27},"end":{"line":10,"column":28}},"5":{"start":{"line":12,"column":22},"end":{"line":19,"column":5}},"6":{"start":{"line":13,"column":8},"end":{"line":18,"column":9}},"7":{"start":{"line":14,"column":12},"end":{"line":14,"column":37}},"8":{"start":{"line":15,"column":12},"end":{"line":15,"column":63}},"9":{"start":{"line":16,"column":12},"end":{"line":16,"column":44}},"10":{"start":{"line":17,"column":12},"end":{"line":17,"column":34}},"11":{"start":{"line":21,"column":27},"end":{"line":26,"column":5}},"12":{"start":{"line":22,"column":33},"end":{"line":22,"column":75}},"13":{"start":{"line":23,"column":8},"end":{"line":23,"column":43}},"14":{"start":{"line":24,"column":8},"end":{"line":24,"column":53}},"15":{"start":{"line":25,"column":8},"end":{"line":25,"column":40}},"16":{"start":{"line":28,"column":32},"end":{"line":71,"column":5}},"17":{"start":{"line":30,"column":8},"end":{"line":53,"column":9}},"18":{"start":{"line":73,"column":4},"end":{"line":161,"column":3}}},"fnMap":{"0":{"name":"(anonymous_0)","decl":{"start":{"line":6,"column":26},"end":{"line":6,"column":27}},"loc":{"start":{"line":6,"column":37},"end":{"line":162,"column":1}},"line":6},"1":{"name":"(anonymous_1)","decl":{"start":{"line":12,"column":22},"end":{"line":12,"column":23}},"loc":{"start":{"line":12,"column":32},"end":{"line":19,"column":5}},"line":12},"2":{"name":"(anonymous_2)","decl":{"start":{"line":21,"column":27},"end":{"line":21,"column":28}},"loc":{"start":{"line":21,"column":42},"end":{"line":26,"column":5}},"line":21},"3":{"name":"(anonymous_3)","decl":{"start":{"line":28,"column":32},"end":{"line":28,"column":33}},"loc":{"start":{"line":28,"column":38},"end":{"line":71,"column":5}},"line":28}},"branchMap":{"0":{"loc":{"start":{"line":13,"column":8},"end":{"line":18,"column":9}},"type":"if","locations":[{"start":{"line":13,"column":8},"end":{"line":18,"column":9}},{"start":{},"end":{}}],"line":13},"1":{"loc":{"start":{"line":133,"column":25},"end":{"line":150,"column":89}},"type":"cond-expr","locations":[{"start":{"line":134,"column":28},"end":{"line":150,"column":34}},{"start":{"line":150,"column":37},"end":{"line":150,"column":89}}],"line":133},"2":{"loc":{"start":{"line":152,"column":29},"end":{"line":152,"column":166}},"type":"cond-expr","locations":[{"start":{"line":152,"column":52},"end":{"line":152,"column":159}},{"start":{"line":152,"column":162},"end":{"line":152,"column":166}}],"line":152}},"s":{"0":1,"1":0,"2":0,"3":0,"4":0,"5":0,"6":0,"7":0,"8":0,"9":0,"10":0,"11":0,"12":0,"13":0,"14":0,"15":0,"16":0,"17":0,"18":0},"f":{"0":0,"1":0,"2":0,"3":0},"b":{"0":[0,0],"1":[0,0],"2":[0,0]},"_coverageSchema":"1a1c01bbd47fc00a2c39e90264f33305004495a9","hash":"07542e767be44a69ae7f4cf9ef41221a9bfc5010"}
,"C:\\Karthik\\Waterloo\\ECE 651\\OFODS\\develop\\ofods-app\\src\\screens\\Restaurants.js": {"path":"C:\\Karthik\\Waterloo\\ECE 651\\OFODS\\develop\\ofods-app\\src\\screens\\Restaurants.js","statementMap":{"0":{"start":{"line":7,"column":2},"end":{"line":9,"column":8}},"1":{"start":{"line":8,"column":4},"end":{"line":8,"column":25}},"2":{"start":{"line":11,"column":2},"end":{"line":16,"column":4}}},"fnMap":{"0":{"name":"Restaurants","decl":{"start":{"line":5,"column":9},"end":{"line":5,"column":20}},"loc":{"start":{"line":5,"column":23},"end":{"line":17,"column":1}},"line":5},"1":{"name":"(anonymous_1)","decl":{"start":{"line":7,"column":12},"end":{"line":7,"column":13}},"loc":{"start":{"line":7,"column":18},"end":{"line":9,"column":3}},"line":7}},"branchMap":{},"s":{"0":2,"1":2,"2":2},"f":{"0":2,"1":2},"b":{},"_coverageSchema":"1a1c01bbd47fc00a2c39e90264f33305004495a9","hash":"27dc932f625ee30e3792a4dc5eb57c3dfd2ece8b"}
}
