TN:
SF:src\App.js
FN:12,App
FNF:1
FNH:1
FNDA:3,App
DA:13,3
LF:1
LH:1
BRF:0
BRH:0
end_of_record
TN:
SF:src\index.js
FNF:0
FNH:0
DA:12,0
DA:14,0
DA:15,0
LF:3
LH:0
BRF:0
BRH:0
end_of_record
TN:
SF:src\reportWebVitals.js
FN:1,(anonymous_0)
FN:3,(anonymous_1)
FNF:2
FNH:0
FNDA:0,(anonymous_0)
FNDA:0,(anonymous_1)
DA:1,0
DA:2,0
DA:3,0
DA:4,0
DA:5,0
DA:6,0
DA:7,0
DA:8,0
LF:8
LH:0
BRDA:2,0,0,0
BRDA:2,0,1,0
BRDA:2,1,0,0
BRDA:2,1,1,0
BRF:4
BRH:0
end_of_record
TN:
SF:src\actions\index.js
FN:1,(anonymous_0)
FNF:1
FNH:0
FNDA:0,(anonymous_0)
DA:1,1
DA:2,0
LF:2
LH:1
BRF:0
BRH:0
end_of_record
TN:
SF:src\components\Banner.js
FN:3,Banner
FNF:1
FNH:0
FNDA:0,Banner
DA:4,0
LF:1
LH:0
BRF:0
BRH:0
end_of_record
TN:
SF:src\components\FeaturedRest.js
FN:3,FeaturedRest
FNF:1
FNH:1
FNDA:5,FeaturedRest
DA:5,5
DA:6,5
LF:2
LH:2
BRF:0
BRH:0
end_of_record
TN:
SF:src\components\FeaturedRestCards.js
FN:3,FeaturedRestCards
FN:84,(anonymous_1)
FN:84,(anonymous_2)
FNF:3
FNH:1
FNDA:30,FeaturedRestCards
FNDA:0,(anonymous_1)
FNDA:0,(anonymous_2)
DA:4,30
DA:6,30
DA:84,0
LF:3
LH:2
BRDA:92,0,0,0
BRDA:92,0,1,30
BRF:2
BRH:1
end_of_record
TN:
SF:src\components\FeaturedRestCardsForRestPage.js
FN:3,FeaturedRestCardsForRestPage
FN:84,(anonymous_1)
FN:84,(anonymous_2)
FNF:3
FNH:1
FNDA:12,FeaturedRestCardsForRestPage
FNDA:0,(anonymous_1)
FNDA:0,(anonymous_2)
DA:4,12
DA:6,12
DA:84,0
LF:3
LH:2
BRDA:92,0,0,0
BRDA:92,0,1,12
BRF:2
BRH:1
end_of_record
TN:
SF:src\components\Footer.js
FN:4,(anonymous_0)
FNF:1
FNH:1
FNDA:3,(anonymous_0)
DA:4,1
DA:5,3
LF:2
LH:2
BRF:0
BRH:0
end_of_record
TN:
SF:src\components\FormModal.js
FN:3,Modal
FN:11,(anonymous_1)
FN:21,(anonymous_2)
FN:52,(anonymous_3)
FN:58,(anonymous_4)
FNF:5
FNH:0
FNDA:0,Modal
FNDA:0,(anonymous_1)
FNDA:0,(anonymous_2)
FNDA:0,(anonymous_3)
FNDA:0,(anonymous_4)
DA:4,0
DA:5,0
DA:11,0
DA:21,0
DA:52,0
DA:58,0
LF:6
LH:0
BRDA:16,0,0,0
BRDA:16,0,1,0
BRF:2
BRH:0
end_of_record
TN:
SF:src\components\NavBar.js
FN:5,NavBar
FN:6,(anonymous_1)
FN:21,(anonymous_2)
FN:67,renderHomeLinks
FN:86,renderUserAccountLinks
FNF:5
FNH:3
FNDA:7,NavBar
FNDA:7,(anonymous_1)
FNDA:0,(anonymous_2)
FNDA:7,renderHomeLinks
FNDA:0,renderUserAccountLinks
DA:6,7
DA:7,7
DA:9,7
DA:21,0
DA:68,7
DA:87,0
LF:6
LH:4
BRDA:23,0,0,0
BRDA:23,0,1,7
BRDA:58,1,0,0
BRDA:58,1,1,7
BRF:4
BRH:2
end_of_record
TN:
SF:src\components\OrderNow.js
FN:4,OrderNow
FNF:1
FNH:1
FNDA:5,OrderNow
DA:5,5
LF:1
LH:1
BRF:0
BRH:0
end_of_record
TN:
SF:src\components\ProcessInfo.js
FN:7,ProcessInfo
FNF:1
FNH:1
FNDA:5,ProcessInfo
DA:8,5
LF:1
LH:1
BRF:0
BRH:0
end_of_record
TN:
SF:src\components\ProcessInfoCard.js
FN:1,ProcessInfoCard
FNF:1
FNH:1
FNDA:15,ProcessInfoCard
DA:2,15
LF:1
LH:1
BRF:0
BRH:0
end_of_record
TN:
SF:src\components\RestList.js
FN:4,RestList
FN:15,(anonymous_1)
FNF:2
FNH:1
FNDA:2,RestList
FNDA:0,(anonymous_1)
DA:6,2
DA:7,2
DA:8,2
DA:15,0
LF:4
LH:3
BRDA:17,0,0,0
BRDA:17,0,1,2
BRDA:77,1,0,0
BRDA:77,1,1,2
BRF:4
BRH:2
end_of_record
TN:
SF:src\components\SearchRest.js
FN:3,SearchRest
FNF:1
FNH:1
FNDA:5,SearchRest
DA:4,5
LF:1
LH:1
BRF:0
BRH:0
end_of_record
TN:
SF:src\components\SearchRestOnRestPage.js
FN:3,SearchRestOnRestPage
FNF:1
FNH:1
FNDA:2,SearchRestOnRestPage
DA:4,2
LF:1
LH:1
BRF:0
BRH:0
end_of_record
TN:
SF:src\config\firebase.js
FN:20,signUp
FN:21,(anonymous_1)
FN:40,(anonymous_2)
FN:51,(anonymous_3)
FN:52,(anonymous_4)
FN:71,(anonymous_5)
FN:80,(anonymous_6)
FN:86,(anonymous_7)
FN:94,(anonymous_8)
FN:124,logIn
FN:125,(anonymous_10)
FN:133,(anonymous_11)
FN:139,(anonymous_12)
FN:153,(anonymous_13)
FNF:14
FNH:0
FNDA:0,signUp
FNDA:0,(anonymous_1)
FNDA:0,(anonymous_2)
FNDA:0,(anonymous_3)
FNDA:0,(anonymous_4)
FNDA:0,(anonymous_5)
FNDA:0,(anonymous_6)
FNDA:0,(anonymous_7)
FNDA:0,(anonymous_8)
FNDA:0,logIn
FNDA:0,(anonymous_10)
FNDA:0,(anonymous_11)
FNDA:0,(anonymous_12)
FNDA:0,(anonymous_13)
DA:6,1
DA:17,1
DA:18,1
DA:21,0
DA:33,0
DA:34,0
DA:41,0
DA:43,0
DA:44,0
DA:46,0
DA:52,0
DA:53,0
DA:54,0
DA:55,0
DA:68,0
DA:72,0
DA:73,0
DA:74,0
DA:76,0
DA:77,0
DA:81,0
DA:82,0
DA:89,0
DA:90,0
DA:91,0
DA:95,0
DA:96,0
DA:97,0
DA:125,0
DA:127,0
DA:128,0
DA:130,0
DA:134,0
DA:135,0
DA:136,0
DA:154,0
DA:157,0
DA:158,0
DA:160,0
LF:39
LH:3
BRDA:43,0,0,0
BRDA:43,0,1,0
BRDA:72,1,0,0
BRDA:72,1,1,0
BRF:4
BRH:0
end_of_record
TN:
SF:src\reducers\index.js
FNF:0
FNH:0
DA:6,1
LF:1
LH:1
BRF:0
BRH:0
end_of_record
TN:
SF:src\reducers\isLogged.js
FN:1,(anonymous_0)
FNF:1
FNH:1
FNDA:3,(anonymous_0)
DA:1,1
DA:2,3
DA:4,0
DA:7,3
LF:4
LH:3
BRDA:1,0,0,3
BRDA:2,1,0,0
BRDA:2,1,1,3
BRF:3
BRH:2
end_of_record
TN:
SF:src\reducers\navbar.js
FN:1,(anonymous_0)
FNF:1
FNH:1
FNDA:3,(anonymous_0)
DA:1,1
DA:2,3
DA:4,0
DA:6,3
LF:4
LH:3
BRDA:1,0,0,3
BRDA:2,1,0,0
BRDA:2,1,1,3
BRF:3
BRH:2
end_of_record
TN:
SF:src\screens\Home.js
FN:7,Home
FNF:1
FNH:1
FNDA:5,Home
DA:8,5
LF:1
LH:1
BRF:0
BRH:0
end_of_record
TN:
SF:src\screens\Login.js
FN:10,(anonymous_0)
FN:29,(anonymous_1)
FN:33,(anonymous_2)
FN:47,(anonymous_3)
FN:64,(anonymous_4)
FN:80,(anonymous_5)
FN:95,(anonymous_6)
FN:109,(anonymous_7)
FN:125,(anonymous_8)
FN:129,(anonymous_9)
FN:142,(anonymous_10)
FN:155,(anonymous_11)
FN:169,(anonymous_12)
FN:248,(anonymous_13)
FN:294,(anonymous_14)
FN:312,(anonymous_15)
FN:329,(anonymous_16)
FN:346,(anonymous_17)
FN:362,(anonymous_18)
FN:378,(anonymous_19)
FN:412,(anonymous_20)
FNF:21
FNH:1
FNDA:2,(anonymous_0)
FNDA:0,(anonymous_1)
FNDA:0,(anonymous_2)
FNDA:0,(anonymous_3)
FNDA:0,(anonymous_4)
FNDA:0,(anonymous_5)
FNDA:0,(anonymous_6)
FNDA:0,(anonymous_7)
FNDA:0,(anonymous_8)
FNDA:0,(anonymous_9)
FNDA:0,(anonymous_10)
FNDA:0,(anonymous_11)
FNDA:0,(anonymous_12)
FNDA:0,(anonymous_13)
FNDA:0,(anonymous_14)
FNDA:0,(anonymous_15)
FNDA:0,(anonymous_16)
FNDA:0,(anonymous_17)
FNDA:0,(anonymous_18)
FNDA:0,(anonymous_19)
FNDA:0,(anonymous_20)
DA:10,1
DA:11,2
DA:12,2
DA:13,2
DA:14,2
DA:15,2
DA:16,2
DA:17,2
DA:18,2
DA:19,2
DA:20,2
DA:21,2
DA:22,2
DA:23,2
DA:24,2
DA:25,2
DA:26,2
DA:27,2
DA:29,2
DA:30,0
DA:33,2
DA:34,0
DA:35,0
DA:36,0
DA:37,0
DA:38,0
DA:39,0
DA:41,0
DA:42,0
DA:43,0
DA:47,2
DA:48,0
DA:50,0
DA:51,0
DA:52,0
DA:53,0
DA:54,0
DA:56,0
DA:57,0
DA:60,0
DA:64,2
DA:65,0
DA:66,0
DA:67,0
DA:68,0
DA:69,0
DA:70,0
DA:72,0
DA:73,0
DA:76,0
DA:80,2
DA:81,0
DA:82,0
DA:83,0
DA:84,0
DA:85,0
DA:87,0
DA:88,0
DA:91,0
DA:95,2
DA:96,0
DA:97,0
DA:98,0
DA:99,0
DA:100,0
DA:101,0
DA:103,0
DA:104,0
DA:105,0
DA:109,2
DA:110,0
DA:111,0
DA:112,0
DA:113,0
DA:114,0
DA:115,0
DA:117,0
DA:118,0
DA:121,0
DA:125,2
DA:126,0
DA:129,2
DA:130,0
DA:131,0
DA:132,0
DA:133,0
DA:134,0
DA:136,0
DA:137,0
DA:138,0
DA:142,2
DA:143,0
DA:144,0
DA:145,0
DA:146,0
DA:148,0
DA:149,0
DA:150,0
DA:151,0
DA:155,2
DA:156,0
DA:157,0
DA:158,0
DA:159,0
DA:161,0
DA:162,0
DA:163,0
DA:169,2
DA:170,0
DA:172,0
DA:173,0
DA:174,0
DA:175,0
DA:177,0
DA:178,0
DA:179,0
DA:180,0
DA:181,0
DA:182,0
DA:185,0
DA:186,0
DA:187,0
DA:188,0
DA:191,0
DA:192,0
DA:193,0
DA:194,0
DA:197,0
DA:198,0
DA:199,0
DA:200,0
DA:201,0
DA:202,0
DA:203,0
DA:204,0
DA:207,0
DA:208,0
DA:209,0
DA:210,0
DA:211,0
DA:212,0
DA:213,0
DA:214,0
DA:215,0
DA:216,0
DA:217,0
DA:218,0
DA:219,0
DA:220,0
DA:222,0
DA:235,0
DA:236,0
DA:238,0
DA:240,0
DA:243,0
DA:248,2
DA:249,0
DA:250,0
DA:251,0
DA:256,0
DA:257,0
DA:258,0
DA:260,0
DA:263,0
DA:267,0
DA:271,2
DA:294,0
DA:312,0
DA:329,0
DA:346,0
DA:362,0
DA:378,0
DA:412,0
LF:173
LH:32
BRDA:36,0,0,0
BRDA:36,0,1,0
BRDA:51,1,0,0
BRDA:51,1,1,0
BRDA:67,2,0,0
BRDA:67,2,1,0
BRDA:82,3,0,0
BRDA:82,3,1,0
BRDA:98,4,0,0
BRDA:98,4,1,0
BRDA:112,5,0,0
BRDA:112,5,1,0
BRDA:131,6,0,0
BRDA:131,6,1,0
BRDA:131,7,0,0
BRDA:131,7,1,0
BRDA:143,8,0,0
BRDA:143,8,1,0
BRDA:156,9,0,0
BRDA:156,9,1,0
BRDA:177,10,0,0
BRDA:177,10,1,0
BRDA:180,11,0,0
BRDA:180,11,1,0
BRDA:186,12,0,0
BRDA:186,12,1,0
BRDA:192,13,0,0
BRDA:192,13,1,0
BRDA:198,14,0,0
BRDA:198,14,1,0
BRDA:202,15,0,0
BRDA:202,15,1,0
BRDA:208,16,0,0
BRDA:208,16,1,0
BRDA:208,17,0,0
BRDA:208,17,1,0
BRDA:212,18,0,0
BRDA:212,18,1,0
BRDA:217,19,0,0
BRDA:217,19,1,0
BRDA:238,20,0,0
BRDA:238,20,1,0
BRDA:260,21,0,0
BRDA:260,21,1,0
BRDA:274,22,0,0
BRDA:274,22,1,2
BRDA:449,23,0,0
BRDA:449,23,1,0
BRF:48
BRH:1
end_of_record
TN:
SF:src\screens\Orders.js
FN:3,Orders
FNF:1
FNH:0
FNDA:0,Orders
DA:4,0
LF:1
LH:0
BRF:0
BRH:0
end_of_record
TN:
SF:src\screens\RegisterRestaurant.js
FN:1,RegisterRestaurants
FNF:1
FNH:1
FNDA:1,RegisterRestaurants
DA:2,1
LF:1
LH:1
BRF:0
BRH:0
end_of_record
TN:
SF:src\screens\RestaurantDetails.js
FN:6,(anonymous_0)
FN:12,(anonymous_1)
FN:21,(anonymous_2)
FN:28,(anonymous_3)
FNF:4
FNH:0
FNDA:0,(anonymous_0)
FNDA:0,(anonymous_1)
FNDA:0,(anonymous_2)
FNDA:0,(anonymous_3)
DA:6,1
DA:7,0
DA:8,0
DA:9,0
DA:10,0
DA:12,0
DA:13,0
DA:14,0
DA:15,0
DA:16,0
DA:17,0
DA:21,0
DA:22,0
DA:23,0
DA:24,0
DA:25,0
DA:28,0
DA:30,0
DA:73,0
LF:19
LH:1
BRDA:13,0,0,0
BRDA:13,0,1,0
BRDA:133,1,0,0
BRDA:133,1,1,0
BRDA:152,2,0,0
BRDA:152,2,1,0
BRF:6
BRH:0
end_of_record
TN:
SF:src\screens\Restaurants.js
FN:5,Restaurants
FN:7,(anonymous_1)
FNF:2
FNH:2
FNDA:2,Restaurants
FNDA:2,(anonymous_1)
DA:7,2
DA:8,2
DA:11,2
LF:3
LH:3
BRF:0
BRH:0
end_of_record
